<?xml version="1.0" encoding="UTF-8"?>
<testsuite xmlns:xsi="http://www.w3.org/2001/XMLSchema-instance" xsi:noNamespaceSchemaLocation="https://maven.apache.org/surefire/maven-surefire-plugin/xsd/surefire-test-report-3.0.xsd" version="3.0" name="com.abinbev.b2b.price.api.helpers.CalculateDaysBehindToShowValidUntilHelperTest" time="2.369" tests="7" errors="0" skipped="0" failures="0">
  <properties>
[...]
</properties>
  <testcase name="shouldValidateWhenValidUntilIsAbleToBeShownOtherCountriesSecondScenario" classname="com.abinbev.b2b.price.api.helpers.CalculateDaysBehindToShowValidUntilHelperTest" time="2.24"/>
  <testcase name="shouldValidateWhenValidUntilIsAbleToBeShownForUs" classname="com.abinbev.b2b.price.api.helpers.CalculateDaysBehindToShowValidUntilHelperTest" time="0.022"/>
  <testcase name="shouldValidateWhenValidUntilIsAbleToBeShownOtherCountries" classname="com.abinbev.b2b.price.api.helpers.CalculateDaysBehindToShowValidUntilHelperTest" time="0.006"/>
  <testcase name="shouldValidateWhenValidUntilIsAbleToBeShownOtherCountriesThirdScenario" classname="com.abinbev.b2b.price.api.helpers.CalculateDaysBehindToShowValidUntilHelperTest" time="0.015"/>
  <testcase name="shouldValidateWhenValidUntilIsNotAbleToBeShownForUs" classname="com.abinbev.b2b.price.api.helpers.CalculateDaysBehindToShowValidUntilHelperTest" time="0.014"/>
  <testcase name="shouldValidateWhenValidUntilIsNotAbleToBeShownForUsSecondScenario" classname="com.abinbev.b2b.price.api.helpers.CalculateDaysBehindToShowValidUntilHelperTest" time="0.012"/>
  <testcase name="shouldNotSetAccountIdWhenContractIdIsNullOrEmpty(PriceRequestV3)[1]" classname="com.abinbev.b2b.price.api.converters.v3.PriceRequestV3ToPriceNormalizedInfoConverterTest" time="2.367"/>
</testsuite>