<?xml version="1.0" encoding="UTF-8"?>
<testsuite xmlns:xsi="http://www.w3.org/2001/XMLSchema-instance" xsi:noNamespaceSchemaLocation="https://maven.apache.org/surefire/maven-surefire-plugin/xsd/surefire-test-report-3.0.xsd" version="3.0" name="com.abinbev.b2b.price.api.integrations.PriceServicePactTest" time="0.024" tests="1" errors="0" skipped="1" failures="0">
  <properties/>
  <testcase name="pactVerificationTestTemplate(PactVerificationContext)" classname="com.abinbev.b2b.price.api.integrations.PriceServicePactTest" time="0">
    <skipped message="class com.abinbev.b2b.price.api.integrations.PriceServicePactTest is @Disabled"/>
    <system-out><![CDATA[11:43:52,658 |-INFO in ch.qos.logback.classic.LoggerContext[default] - This is logback-classic version 1.4.8
11:43:52,684 |-INFO in ch.qos.logback.classic.LoggerContext[default] - Could NOT find resource [logback-test.xml]
11:43:52,686 |-INFO in ch.qos.logback.classic.LoggerContext[default] - Found resource [logback.xml] at [file:/home/emerson/IdeaProjects/price-service/api/target/classes/logback.xml]
11:43:52,811 |-WARN in ch.qos.logback.core.model.processor.ImplicitModelHandler - Ignoring unknown property [springProperty] in [ch.qos.logback.classic.LoggerContext]
11:43:53,098 |-INFO in ch.qos.logback.core.model.processor.conditional.IfModelHandler - Condition [property("newRelicAppenderEnabled").equals("true")] evaluated to false on line 16
11:43:53,100 |-INFO in ch.qos.logback.core.model.processor.AppenderModelHandler - Processing appender named [DEV]
11:43:53,101 |-INFO in ch.qos.logback.core.model.processor.AppenderModelHandler - About to instantiate appender of type [ch.qos.logback.core.ConsoleAppender]
11:43:53,146 |-INFO in ch.qos.logback.core.model.processor.AppenderModelHandler - Processing appender named [NR]
11:43:53,146 |-INFO in ch.qos.logback.core.model.processor.AppenderModelHandler - About to instantiate appender of type [ch.qos.logback.core.ConsoleAppender]
11:43:53,147 |-WARN in ch.qos.logback.core.model.processor.AppenderModelHandler - Appender named [NR_ASYNC] not referenced. Skipping further processing.
11:43:53,148 |-INFO in ch.qos.logback.core.model.processor.AppenderRefModelHandler - Attaching appender named [DEV] to Logger[ROOT]
11:43:53,149 |-INFO in ch.qos.logback.core.model.processor.DefaultProcessor@23a5818e - End of configuration.
11:43:53,150 |-INFO in ch.qos.logback.classic.joran.JoranConfigurator@4715ae33 - Registering current configuration as safe fallback point

]]></system-out>
  </testcase>
</testsuite>